<?xml version="1.0" encoding="UTF-8"?>
<testsuite name="funcionalidad creacion de cuenta en http://automationpractice.com/" tests="1" skipped="0" failures="0" errors="0" timestamp="2022-03-26T12:12:47" hostname="DESKTOP-2BU34TH" time="77.678">
  <properties/>
  <testcase name="registro para una nueva cuenta" classname="funcionalidad creacion de cuenta en http://automationpractice.com/" time="77.678"/>
  <system-out><![CDATA[]]></system-out>
  <system-err><![CDATA[mar 26, 2022 7:12:48 AM org.openqa.selenium.remote.DesiredCapabilities chrome
INFORMACIÓN: Using `new ChromeOptions()` is preferred to `DesiredCapabilities.chrome()`
Starting ChromeDriver 99.0.4844.35 (f60a827ddb87f1c403e07713751a5551d5856ac0-refs/branch-heads/4844@{#579}) on port 28515
Only local connections are allowed.
Please see https://chromedriver.chromium.org/security-considerations for suggestions on keeping ChromeDriver safe.
ChromeDriver was started successfully.
mar 26, 2022 7:12:56 AM org.openqa.selenium.remote.ProtocolHandshake createSession
INFORMACIÓN: Detected dialect: W3C
]]></system-err>
</testsuite>
