<?xml version="1.0" encoding="UTF-8"?>
<testsuite name="runner.CreateAccountRunner" tests="0" skipped="0" failures="0" errors="0" timestamp="1970-01-01T00:00:00" hostname="DESKTOP-2BU34TH" time="0.0">
  <properties/>
  <system-out><![CDATA[
?[31mFailed scenarios:?[0m
?[31mfile:///E:/Sofka%20University/Introduccion%20a%20la%20Automatizacion%20de%20Pruebas%20de%20software/RetoScreenplaySerenityWeb/src/test/resources/features/Create_account.feature:8?[0m# registro invalido

2 Scenarios (?[31m1 failed?[0m, ?[32m1 passed?[0m)
6 Steps (?[31m1 failed?[0m, ?[32m5 passed?[0m)
5m24,239s


java.lang.AssertionError: 
Expected: "passwd "
     but: was "passwd"
	at net.serenitybdd.screenplay.ErrorTally.throwSummaryExceptionFrom(ErrorTally.java:36)
	at net.serenitybdd.screenplay.ErrorTally.reportAnyErrors(ErrorTally.java:30)
	at net.serenitybdd.screenplay.Actor.should(Actor.java:316)
	at stepsdefinition.CreateAccountSteps.el_usuario_no_podra_registrarse(CreateAccountSteps.java:94)
	at ?.El usuario no podra registrarse(file:///E:/Sofka%20University/Introduccion%20a%20la%20Automatizacion%20de%20Pruebas%20de%20software/RetoScreenplaySerenityWeb/src/test/resources/features/Create_account.feature:11)


]]></system-out>
  <system-err><![CDATA[SLF4J: Failed to load class "org.slf4j.impl.StaticLoggerBinder".
SLF4J: Defaulting to no-operation (NOP) logger implementation
SLF4J: See http://www.slf4j.org/codes.html#StaticLoggerBinder for further details.
log4j:WARN No appenders could be found for logger (freemarker.cache).
log4j:WARN Please initialize the log4j system properly.
log4j:WARN See http://logging.apache.org/log4j/1.2/faq.html#noconfig for more info.
log4j:WARN No appenders could be found for logger (freemarker.cache).
log4j:WARN Please initialize the log4j system properly.
log4j:WARN See http://logging.apache.org/log4j/1.2/faq.html#noconfig for more info.
]]></system-err>
</testsuite>
