<?xml version="1.0" encoding="UTF-8"?>
<testsuite name="funcionalidad creacion de cuenta en http://automationpractice.com/" tests="2" skipped="0" failures="1" errors="0" timestamp="2022-03-27T04:01:24" hostname="DESKTOP-2BU34TH" time="323.056">
  <properties/>
  <testcase name="registro para una nueva cuenta" classname="funcionalidad creacion de cuenta en http://automationpractice.com/" time="200.84"/>
  <testcase name="registro invalido" classname="funcionalidad creacion de cuenta en http://automationpractice.com/" time="122.213">
    <failure message="java.lang.AssertionError: &#10;Expected: &quot;passwd &quot;&#10;     but: was &quot;passwd&quot;" type="java.lang.AssertionError">java.lang.AssertionError: 
Expected: &quot;passwd &quot;
     but: was &quot;passwd&quot;
	at net.serenitybdd.screenplay.ErrorTally.throwSummaryExceptionFrom(ErrorTally.java:36)
	at net.serenitybdd.screenplay.ErrorTally.reportAnyErrors(ErrorTally.java:30)
	at net.serenitybdd.screenplay.Actor.should(Actor.java:316)
	at stepsdefinition.CreateAccountSteps.el_usuario_no_podra_registrarse(CreateAccountSteps.java:94)
	at ✽.El usuario no podra registrarse(file:///E:/Sofka%20University/Introduccion%20a%20la%20Automatizacion%20de%20Pruebas%20de%20software/RetoScreenplaySerenityWeb/src/test/resources/features/Create_account.feature:11)
</failure>
  </testcase>
  <system-out><![CDATA[]]></system-out>
  <system-err><![CDATA[mar 26, 2022 11:01:33 PM org.openqa.selenium.remote.DesiredCapabilities chrome
INFORMACIÓN: Using `new ChromeOptions()` is preferred to `DesiredCapabilities.chrome()`
Starting ChromeDriver 99.0.4844.35 (f60a827ddb87f1c403e07713751a5551d5856ac0-refs/branch-heads/4844@{#579}) on port 41602
Only local connections are allowed.
Please see https://chromedriver.chromium.org/security-considerations for suggestions on keeping ChromeDriver safe.
ChromeDriver was started successfully.
mar 26, 2022 11:01:51 PM org.openqa.selenium.remote.ProtocolHandshake createSession
INFORMACIÓN: Detected dialect: W3C
mar 26, 2022 11:04:45 PM org.openqa.selenium.remote.DesiredCapabilities chrome
INFORMACIÓN: Using `new ChromeOptions()` is preferred to `DesiredCapabilities.chrome()`
Starting ChromeDriver 99.0.4844.35 (f60a827ddb87f1c403e07713751a5551d5856ac0-refs/branch-heads/4844@{#579}) on port 27605
Only local connections are allowed.
Please see https://chromedriver.chromium.org/security-considerations for suggestions on keeping ChromeDriver safe.
ChromeDriver was started successfully.
mar 26, 2022 11:04:59 PM org.openqa.selenium.remote.ProtocolHandshake createSession
INFORMACIÓN: Detected dialect: W3C
]]></system-err>
</testsuite>
