<?xml version="1.0" encoding="UTF-8"?>
<testsuite name="verificar funcionalidad servicio al cliente" tests="2" skipped="0" failures="0" errors="0" timestamp="2022-03-27T08:08:26" hostname="DESKTOP-2BU34TH" time="96.344">
  <properties/>
  <testcase name="Envio exitoso del mensaje" classname="verificar funcionalidad servicio al cliente" time="48.047"/>
  <testcase name="Envio erroneo del mensaje" classname="verificar funcionalidad servicio al cliente" time="48.293"/>
  <system-out><![CDATA[]]></system-out>
  <system-err><![CDATA[mar 27, 2022 3:08:28 AM org.openqa.selenium.remote.DesiredCapabilities chrome
INFORMACIÓN: Using `new ChromeOptions()` is preferred to `DesiredCapabilities.chrome()`
Starting ChromeDriver 99.0.4844.35 (f60a827ddb87f1c403e07713751a5551d5856ac0-refs/branch-heads/4844@{#579}) on port 27659
Only local connections are allowed.
Please see https://chromedriver.chromium.org/security-considerations for suggestions on keeping ChromeDriver safe.
ChromeDriver was started successfully.
mar 27, 2022 3:08:37 AM org.openqa.selenium.remote.ProtocolHandshake createSession
INFORMACIÓN: Detected dialect: W3C
mar 27, 2022 3:09:15 AM org.openqa.selenium.remote.DesiredCapabilities chrome
INFORMACIÓN: Using `new ChromeOptions()` is preferred to `DesiredCapabilities.chrome()`
Starting ChromeDriver 99.0.4844.35 (f60a827ddb87f1c403e07713751a5551d5856ac0-refs/branch-heads/4844@{#579}) on port 36053
Only local connections are allowed.
Please see https://chromedriver.chromium.org/security-considerations for suggestions on keeping ChromeDriver safe.
ChromeDriver was started successfully.
mar 27, 2022 3:09:21 AM org.openqa.selenium.remote.ProtocolHandshake createSession
INFORMACIÓN: Detected dialect: W3C
]]></system-err>
</testsuite>
